2020-11-11 12:07:38,329 [Worker-2: Loading available Gradle versions] INFO  o.e.b.c.i.u.g.PublishedGradleVersions - Gradle version information cache is up-to-date. Trying to read.
2020-11-11 12:11:26,731 [Worker-6: Loading available Gradle versions] INFO  o.e.b.c.i.u.g.PublishedGradleVersions - Gradle version information cache is up-to-date. Trying to read.
2020-11-11 12:16:34,614 [Worker-21: Building] INFO  o.e.m.c.i.l.LifecycleMappingFactory - Using org.maven.ide.eclipse.wtp.WarLifecycleMapping lifecycle mapping for MavenProject: jhw.pjt2.nts:Todo:0.0.1-SNAPSHOT @ C:\Project\cho_hyun_wook\PJT_02\ProjectB\Todo\pom.xml.
2020-11-11 12:16:34,608 [Worker-23: Updating Maven Dependencies] INFO  o.e.m.c.i.l.LifecycleMappingFactory - Using org.maven.ide.eclipse.wtp.WarLifecycleMapping lifecycle mapping for MavenProject: jhw.pjt2.nts:Todo:0.0.1-SNAPSHOT @ C:\Project\cho_hyun_wook\PJT_02\ProjectB\Todo\pom.xml.
2020-11-11 12:16:36,766 [Worker-21: Building] INFO  o.e.m.c.i.embedder.EclipseLogger - Using 'UTF-8' encoding to copy filtered resources.
2020-11-11 12:16:36,767 [Worker-21: Building] INFO  o.e.m.c.i.embedder.EclipseLogger - skip non existing resourceDirectory C:\Project\cho_hyun_wook\PJT_02\ProjectB\Todo\src\main\resources
2020-11-11 12:16:36,770 [Worker-21: Building] INFO  o.e.m.c.i.embedder.EclipseLogger - Using 'UTF-8' encoding to copy filtered resources.
2020-11-11 12:16:36,770 [Worker-21: Building] INFO  o.e.m.c.i.embedder.EclipseLogger - skip non existing resourceDirectory C:\Project\cho_hyun_wook\PJT_02\ProjectB\Todo\src\test\resources
2020-11-11 12:16:38,756 [Worker-29: Updating Maven Dependencies] INFO  o.e.m.c.i.l.LifecycleMappingFactory - Using org.maven.ide.eclipse.wtp.WarLifecycleMapping lifecycle mapping for MavenProject: jhw.pjt2.nts:Todo:0.0.1-SNAPSHOT @ C:\Project\cho_hyun_wook\PJT_02\ProjectB\Todo\pom.xml.
2020-11-11 12:16:38,767 [Worker-21: Building] INFO  o.e.m.c.i.embedder.EclipseLogger - Using 'UTF-8' encoding to copy filtered resources.
2020-11-11 12:16:38,767 [Worker-21: Building] INFO  o.e.m.c.i.embedder.EclipseLogger - skip non existing resourceDirectory C:\Project\cho_hyun_wook\PJT_02\ProjectB\Todo\src\main\resources
2020-11-11 12:16:38,769 [Worker-21: Building] INFO  o.e.m.c.i.embedder.EclipseLogger - Using 'UTF-8' encoding to copy filtered resources.
2020-11-11 12:16:38,770 [Worker-21: Building] INFO  o.e.m.c.i.embedder.EclipseLogger - skip non existing resourceDirectory C:\Project\cho_hyun_wook\PJT_02\ProjectB\Todo\src\test\resources
2020-11-11 12:16:39,897 [Worker-29: Building] INFO  o.e.m.c.i.embedder.EclipseLogger - Using 'UTF-8' encoding to copy filtered resources.
2020-11-11 12:16:39,898 [Worker-29: Building] INFO  o.e.m.c.i.embedder.EclipseLogger - skip non existing resourceDirectory C:\Project\cho_hyun_wook\PJT_02\ProjectB\Todo\src\main\resources
2020-11-11 12:16:39,900 [Worker-29: Building] INFO  o.e.m.c.i.embedder.EclipseLogger - Using 'UTF-8' encoding to copy filtered resources.
2020-11-11 12:16:39,900 [Worker-29: Building] INFO  o.e.m.c.i.embedder.EclipseLogger - skip non existing resourceDirectory C:\Project\cho_hyun_wook\PJT_02\ProjectB\Todo\src\test\resources
2020-11-11 12:21:21,900 [Worker-21: Updating Maven Project] INFO  o.e.m.c.i.p.ProjectConfigurationManager - Update started
2020-11-11 12:21:22,309 [Worker-21: Updating Maven Project] INFO  o.e.m.c.i.l.LifecycleMappingFactory - Using org.maven.ide.eclipse.wtp.WarLifecycleMapping lifecycle mapping for MavenProject: jhw.pjt2.nts:Todo:0.0.1-SNAPSHOT @ C:\Project\cho_hyun_wook\PJT_02\ProjectB\Todo\pom.xml.
2020-11-11 12:21:22,939 [Worker-21: Updating Maven Project] INFO  o.e.m.j.i.AbstractJavaProjectConfigurator - Adding source folder /Todo/src/main/java
2020-11-11 12:21:22,948 [Worker-21: Updating Maven Project] INFO  o.e.m.j.i.AbstractJavaProjectConfigurator - Adding source folder /Todo/src/test/java
2020-11-11 12:21:23,314 [Worker-21: Updating Maven Project] INFO  o.e.m.w.i.f.ResourceFilteringBuildParticipant - Cleaning filtered folder for Todo
2020-11-11 12:21:23,334 [Worker-21: Updating Maven Project] INFO  o.e.m.c.i.p.ProjectConfigurationManager - Update completed: 1 sec
2020-11-11 12:21:23,758 [Worker-31: Building] INFO  o.e.m.c.i.embedder.EclipseLogger - Using 'UTF-8' encoding to copy filtered resources.
2020-11-11 12:21:23,758 [Worker-31: Building] INFO  o.e.m.c.i.embedder.EclipseLogger - skip non existing resourceDirectory C:\Project\cho_hyun_wook\PJT_02\ProjectB\Todo\src\main\resources
2020-11-11 12:21:23,762 [Worker-31: Building] INFO  o.e.m.c.i.embedder.EclipseLogger - Using 'UTF-8' encoding to copy filtered resources.
2020-11-11 12:21:23,762 [Worker-31: Building] INFO  o.e.m.c.i.embedder.EclipseLogger - skip non existing resourceDirectory C:\Project\cho_hyun_wook\PJT_02\ProjectB\Todo\src\test\resources
2020-11-11 12:21:23,763 [Worker-31: Building] INFO  o.e.m.w.i.f.ResourceFilteringBuildParticipant - Changed resources require a complete clean of filtered resources of Todo
2020-11-11 12:21:23,764 [Worker-31: Building] INFO  o.e.m.w.i.f.ResourceFilteringBuildParticipant - Executing resource filtering for Todo
2020-11-11 12:21:23,774 [Worker-31: Building] INFO  o.e.m.c.i.embedder.EclipseLogger - Using 'UTF-8' encoding to copy filtered resources.
2020-11-11 14:27:11,826 [Worker-46: Building] INFO  o.e.m.c.i.embedder.EclipseLogger - Using 'UTF-8' encoding to copy filtered resources.
2020-11-11 14:27:11,826 [Worker-46: Building] INFO  o.e.m.c.i.embedder.EclipseLogger - skip non existing resourceDirectory C:\Project\cho_hyun_wook\PJT_02\ProjectB\Todo\src\main\resources
2020-11-11 14:27:11,828 [Worker-46: Building] INFO  o.e.m.c.i.embedder.EclipseLogger - Using 'UTF-8' encoding to copy filtered resources.
2020-11-11 14:27:11,828 [Worker-46: Building] INFO  o.e.m.c.i.embedder.EclipseLogger - skip non existing resourceDirectory C:\Project\cho_hyun_wook\PJT_02\ProjectB\Todo\src\test\resources
2020-11-11 14:37:08,878 [Worker-49: Updating Maven Project] INFO  o.e.m.c.i.p.ProjectConfigurationManager - Update started
2020-11-11 14:37:09,337 [Worker-49: Updating Maven Project] INFO  o.e.m.c.i.l.LifecycleMappingFactory - Using org.maven.ide.eclipse.wtp.WarLifecycleMapping lifecycle mapping for MavenProject: jhw.pjt2.nts:Todo:0.0.1-SNAPSHOT @ C:\Project\cho_hyun_wook\PJT_02\ProjectB\Todo\pom.xml.
2020-11-11 14:37:10,008 [Worker-49: Updating Maven Project] INFO  o.e.m.j.i.AbstractJavaProjectConfigurator - Adding source folder /Todo/src/main/java
2020-11-11 14:37:10,010 [Worker-49: Updating Maven Project] INFO  o.e.m.j.i.AbstractJavaProjectConfigurator - Adding source folder /Todo/src/test/java
2020-11-11 14:37:10,506 [Worker-49: Updating Maven Project] INFO  o.e.m.w.i.f.ResourceFilteringBuildParticipant - Cleaning filtered folder for Todo
2020-11-11 14:37:10,534 [Worker-49: Updating Maven Project] INFO  o.e.m.c.i.p.ProjectConfigurationManager - Update completed: 1 sec
2020-11-11 14:37:10,854 [Worker-50: Building] INFO  o.e.m.c.i.embedder.EclipseLogger - Using 'UTF-8' encoding to copy filtered resources.
2020-11-11 14:37:10,855 [Worker-50: Building] INFO  o.e.m.c.i.embedder.EclipseLogger - skip non existing resourceDirectory C:\Project\cho_hyun_wook\PJT_02\ProjectB\Todo\src\main\resources
2020-11-11 14:37:10,858 [Worker-50: Building] INFO  o.e.m.c.i.embedder.EclipseLogger - Using 'UTF-8' encoding to copy filtered resources.
2020-11-11 14:37:10,859 [Worker-50: Building] INFO  o.e.m.c.i.embedder.EclipseLogger - skip non existing resourceDirectory C:\Project\cho_hyun_wook\PJT_02\ProjectB\Todo\src\test\resources
2020-11-11 14:37:10,860 [Worker-50: Building] INFO  o.e.m.w.i.f.ResourceFilteringBuildParticipant - Changed resources require a complete clean of filtered resources of Todo
2020-11-11 14:37:10,860 [Worker-50: Building] INFO  o.e.m.w.i.f.ResourceFilteringBuildParticipant - Executing resource filtering for Todo
2020-11-11 14:37:10,867 [Worker-50: Building] INFO  o.e.m.c.i.embedder.EclipseLogger - Using 'UTF-8' encoding to copy filtered resources.
2020-11-11 14:38:23,858 [Worker-3: Loading available Gradle versions] INFO  o.e.b.c.i.u.g.PublishedGradleVersions - Gradle version information cache is up-to-date. Trying to read.
2020-11-11 14:39:17,804 [Worker-4: Building] INFO  o.e.m.c.i.embedder.EclipseLogger - Using 'UTF-8' encoding to copy filtered resources.
2020-11-11 14:39:17,805 [Worker-4: Building] INFO  o.e.m.c.i.embedder.EclipseLogger - skip non existing resourceDirectory C:\Project\cho_hyun_wook\PJT_02\ProjectB\Todo\src\main\resources
2020-11-11 14:39:17,808 [Worker-4: Building] INFO  o.e.m.c.i.embedder.EclipseLogger - Using 'UTF-8' encoding to copy filtered resources.
2020-11-11 14:39:17,808 [Worker-4: Building] INFO  o.e.m.c.i.embedder.EclipseLogger - skip non existing resourceDirectory C:\Project\cho_hyun_wook\PJT_02\ProjectB\Todo\src\test\resources
2020-11-11 14:40:45,757 [Worker-4: Updating Maven Project] INFO  o.e.m.c.i.p.ProjectConfigurationManager - Update started
2020-11-11 14:40:46,363 [Worker-4: Updating Maven Project] INFO  o.e.m.c.i.l.LifecycleMappingFactory - Using org.maven.ide.eclipse.wtp.WarLifecycleMapping lifecycle mapping for MavenProject: jhw.pjt2.nts:Todo:0.0.1-SNAPSHOT @ C:\Project\cho_hyun_wook\PJT_02\ProjectB\Todo\pom.xml.
2020-11-11 14:40:47,251 [Worker-4: Updating Maven Project] INFO  o.e.m.j.i.AbstractJavaProjectConfigurator - Adding source folder /Todo/src/main/java
2020-11-11 14:40:47,252 [Worker-4: Updating Maven Project] INFO  o.e.m.j.i.AbstractJavaProjectConfigurator - Adding source folder /Todo/src/test/java
2020-11-11 14:40:47,709 [Worker-4: Updating Maven Project] INFO  o.e.m.w.i.f.ResourceFilteringBuildParticipant - Cleaning filtered folder for Todo
2020-11-11 14:40:47,725 [Worker-4: Updating Maven Project] INFO  o.e.m.c.i.p.ProjectConfigurationManager - Update completed: 1 sec
2020-11-11 14:40:48,125 [Worker-11: Building] INFO  o.e.m.c.i.embedder.EclipseLogger - Using 'UTF-8' encoding to copy filtered resources.
2020-11-11 14:40:48,125 [Worker-11: Building] INFO  o.e.m.c.i.embedder.EclipseLogger - skip non existing resourceDirectory C:\Project\cho_hyun_wook\PJT_02\ProjectB\Todo\src\main\resources
2020-11-11 14:40:48,139 [Worker-11: Building] INFO  o.e.m.c.i.embedder.EclipseLogger - Using 'UTF-8' encoding to copy filtered resources.
2020-11-11 14:40:48,139 [Worker-11: Building] INFO  o.e.m.c.i.embedder.EclipseLogger - skip non existing resourceDirectory C:\Project\cho_hyun_wook\PJT_02\ProjectB\Todo\src\test\resources
2020-11-11 14:40:48,140 [Worker-11: Building] INFO  o.e.m.w.i.f.ResourceFilteringBuildParticipant - Changed resources require a complete clean of filtered resources of Todo
2020-11-11 14:40:48,141 [Worker-11: Building] INFO  o.e.m.w.i.f.ResourceFilteringBuildParticipant - Executing resource filtering for Todo
2020-11-11 14:40:48,149 [Worker-11: Building] INFO  o.e.m.c.i.embedder.EclipseLogger - Using 'UTF-8' encoding to copy filtered resources.
2020-11-11 14:41:13,434 [Worker-7: Building] INFO  o.e.m.c.i.embedder.EclipseLogger - Using 'UTF-8' encoding to copy filtered resources.
2020-11-11 14:41:13,434 [Worker-7: Building] INFO  o.e.m.c.i.embedder.EclipseLogger - skip non existing resourceDirectory C:\Project\cho_hyun_wook\PJT_02\ProjectB\Todo\src\main\resources
2020-11-11 14:41:13,436 [Worker-7: Building] INFO  o.e.m.c.i.embedder.EclipseLogger - Using 'UTF-8' encoding to copy filtered resources.
2020-11-11 14:41:13,437 [Worker-7: Building] INFO  o.e.m.c.i.embedder.EclipseLogger - skip non existing resourceDirectory C:\Project\cho_hyun_wook\PJT_02\ProjectB\Todo\src\test\resources
